<html>
<body>
<pre>
<h1>µVision Build Log</h1>
<h2>Tool Versions:</h2>
IDE-Version: ¦ÌVision V5.18.0.0
Copyright (C) 2016 ARM Ltd and ARM Germany GmbH. All rights reserved.
License Information: S Y, G, LIC=NHY12-9IR61-VGI7J-UFBJX-JCCLB-GTJE4
 
Tool Versions:
Toolchain:       MDK-ARM Professional  Version: 5.18
Toolchain Path:  D:\Keil_v5\ARM\ARMCC\Bin
C Compiler:      Armcc.exe V5.06 update 1 (build 61)
Assembler:       Armasm.exe V5.06 update 1 (build 61)
Linker/Locator:  ArmLink.exe V5.06 update 1 (build 61)
Library Manager: ArmAr.exe V5.06 update 1 (build 61)
Hex Converter:   FromElf.exe V5.06 update 1 (build 61)
CPU DLL:         SARMCM3.DLL V5.18
Dialog DLL:      DCM.DLL V1.13.6.0
Target DLL:      UL2CM3.DLL V1.157.5.0
Dialog DLL:      TCM.DLL V1.14.8.0
 
<h2>Project:</h2>
C:\Users\YogurtSuee\Documents\STM32\Template\Template.uvprojx
Project File Date:  10/05/2018

<h2>Output:</h2>
*** Using Compiler 'V5.06 update 1 (build 61)', folder: 'D:\Keil_v5\ARM\ARMCC\Bin'
Build target 'Target 1'
assembling startup_stm32f10x_hd.s...
compiling main.c...
User\stm32f10x.h(298): error:  #67: expected a "}"
    ADC1_2_IRQn                 = 18,     /*!< ADC1 and ADC2 global Interrupt                       */
User\stm32f10x.h(472): warning:  #12-D: parsing restarts here after previous syntax error
  } IRQn_Type;
User\main.c(9): warning:  #1-D: last line of file ends without a newline
  }
User\main.c: 2 warnings, 1 error
compiling stm32f10x_it.c...
User\stm32f10x.h(298): error:  #67: expected a "}"
    ADC1_2_IRQn                 = 18,     /*!< ADC1 and ADC2 global Interrupt                       */
User\stm32f10x.h(472): warning:  #12-D: parsing restarts here after previous syntax error
  } IRQn_Type;
User\stm32f10x_it.c: 1 warning, 1 error
compiling stm32f10x_gpio.c...
.\User\stm32f10x.h(298): error:  #67: expected a "}"
    ADC1_2_IRQn                 = 18,     /*!< ADC1 and ADC2 global Interrupt                       */
.\User\stm32f10x.h(472): warning:  #12-D: parsing restarts here after previous syntax error
  } IRQn_Type;
Libraries\STM32F10x_StdPeriph_Driver\src\stm32f10x_gpio.c: 1 warning, 1 error
compiling stm32f10x_rcc.c...
.\User\stm32f10x.h(298): error:  #67: expected a "}"
    ADC1_2_IRQn                 = 18,     /*!< ADC1 and ADC2 global Interrupt                       */
.\User\stm32f10x.h(472): warning:  #12-D: parsing restarts here after previous syntax error
  } IRQn_Type;
Libraries\STM32F10x_StdPeriph_Driver\src\stm32f10x_rcc.c: 1 warning, 1 error
compiling core_cm3.c...
compiling system_stm32f10x.c...
.\User\stm32f10x.h(298): error:  #67: expected a "}"
    ADC1_2_IRQn                 = 18,     /*!< ADC1 and ADC2 global Interrupt                       */
.\User\stm32f10x.h(472): warning:  #12-D: parsing restarts here after previous syntax error
  } IRQn_Type;
Libraries\CMSIS\system_stm32f10x.c: 1 warning, 1 error
".\Objects\Template.axf" - 5 Error(s), 6 Warning(s).

<h2>Collection of Component include folders:</h2>
  C:\Users\YogurtSuee\Documents\STM32\Template\RTE
  D:\Keil_v5\ARM\PACK\Keil\STM32F1xx_DFP\2.2.0\Device\Include

<h2>Collection of Component Files used:</h2>
Target not created.
Build Time Elapsed:  00:00:03
</pre>
</body>
</html>
